<?xml version="1.0" encoding="UTF-8"?>
<!-- Generated by org.testng.reporters.JUnitReportReporter -->
<testsuite hostname="LAPTOP-TL3OC5E2" failures="0" tests="1" name="ParabankTests.LoginTest" time="2.044" errors="0" timestamp="2023-01-27T23:09:37 CET" skipped="0">
  <testcase classname="ParabankTests.LoginTest" name="verifyRegistration" time="2.044"/>
  <system-out/>
</testsuite> <!-- ParabankTests.LoginTest -->
