<?xml version="1.0" encoding="UTF-8"?>
<!-- Generated by org.testng.reporters.JUnitReportReporter -->
<testsuite hostname="LAPTOP-TL3OC5E2" failures="0" tests="1" name="ParabankTests.BaseTest" time="10.171" errors="0" timestamp="2023-01-27T12:01:18 CET" skipped="0">
  <testcase classname="ParabankTests.BaseTest" name="invokeBrowser" time="10.171"/>
  <system-out/>
</testsuite> <!-- ParabankTests.BaseTest -->
