<?xml version="1.0" encoding="UTF-8"?>
<!-- Generated by org.testng.reporters.JUnitReportReporter -->
<testsuite hostname="LAPTOP-TL3OC5E2" failures="0" tests="1" name="ParabankTests.LoginTest" time="1.622" errors="0" timestamp="2023-02-05T22:18:42 CET" skipped="0">
  <testcase classname="ParabankTests.LoginTest" name="verifyRegistration" time="1.622"/>
  <system-out/>
</testsuite> <!-- ParabankTests.LoginTest -->
